<?xml version="1.0" encoding="UTF-8"?>
<!-- Generated by org.testng.reporters.JUnitXMLReporter -->
<testsuite hostname="LAPTOP-UUB24JH4" ignored="4" name="Default test" tests="5" failures="0" timestamp="2022-06-22T18:11:52 EDT" time="42.102" errors="0">
  <testcase name="verifyLoggingInWithInvalidCredentials" time="8.247" classname="testing1.testing1.NewTest"/>
  <testcase name="verifyLoggingInWithInvalidCredentials" time="8.121" classname="testing1.testing1.NewTest"/>
  <testcase name="verifyLoggingInWithInvalidCredentials" time="8.179" classname="testing1.testing1.NewTest"/>
  <testcase name="verifyLoggingInWithInvalidCredentials" time="8.158" classname="testing1.testing1.NewTest"/>
  <testcase name="verifyLoggingInWithInvalidCredentials" time="8.355" classname="testing1.testing1.NewTest"/>
  <testcase name="verifyUserRegisteration" time="0.0" classname="testing1.testing1.NewTest">
    <ignored/>
  </testcase> <!-- verifyUserRegisteration -->
  <testcase name="verifyMostExpensiveLaptop" time="0.0" classname="testing1.testing1.NewTest">
    <ignored/>
  </testcase> <!-- verifyMostExpensiveLaptop -->
  <testcase name="verifyCalculatedCostOfProducts" time="0.0" classname="testing1.testing1.NewTest">
    <ignored/>
  </testcase> <!-- verifyCalculatedCostOfProducts -->
  <testcase name="verifyUserLogin" time="0.0" classname="testing1.testing1.NewTest">
    <ignored/>
  </testcase> <!-- verifyUserLogin -->
</testsuite> <!-- Default test -->
