<?xml version="1.0" encoding="UTF-8"?>
<!-- Generated by org.testng.reporters.JUnitXMLReporter -->
<testsuite hostname="LAPTOP-UUB24JH4" ignored="1" name="Assignment1" tests="4" failures="0" timestamp="2022-06-22T21:56:37 EDT" time="40.538" errors="0">
  <testcase name="verifyUserRegisteration" time="19.751" classname="openCart.openCartTestCases"/>
  <testcase name="verifyUserLogin" time="17.136" classname="openCart.openCartTestCases"/>
  <testcase name="verifyMostExpensiveLaptop" time="0.074" classname="openCart.openCartTestCases"/>
  <testcase name="verifyCalculatedCostOfProducts" time="3.528" classname="openCart.openCartTestCases"/>
  <testcase name="verifyLoggingInWithInvalidCredentials" time="0.0" classname="openCart.openCartTestCases">
    <ignored/>
  </testcase> <!-- verifyLoggingInWithInvalidCredentials -->
</testsuite> <!-- Assignment1 -->
