<?xml version="1.0" encoding="UTF-8"?>
<!-- Generated by org.testng.reporters.JUnitXMLReporter -->
<testsuite hostname="LAPTOP-UUB24JH4" ignored="4" name="Assignment2" tests="5" failures="0" timestamp="2022-06-22T21:46:53 EDT" time="40.819" errors="0">
  <testcase name="verifyLoggingInWithInvalidCredentials" time="8.113" classname="openCart.openCartTestCases"/>
  <testcase name="verifyLoggingInWithInvalidCredentials" time="8.057" classname="openCart.openCartTestCases"/>
  <testcase name="verifyLoggingInWithInvalidCredentials" time="8.157" classname="openCart.openCartTestCases"/>
  <testcase name="verifyLoggingInWithInvalidCredentials" time="8.099" classname="openCart.openCartTestCases"/>
  <testcase name="verifyLoggingInWithInvalidCredentials" time="8.076" classname="openCart.openCartTestCases"/>
  <testcase name="verifyMostExpensiveLaptop" time="0.0" classname="openCart.openCartTestCases">
    <ignored/>
  </testcase> <!-- verifyMostExpensiveLaptop -->
  <testcase name="verifyCalculatedCostOfProducts" time="0.0" classname="openCart.openCartTestCases">
    <ignored/>
  </testcase> <!-- verifyCalculatedCostOfProducts -->
  <testcase name="verifyUserRegisteration" time="0.0" classname="openCart.openCartTestCases">
    <ignored/>
  </testcase> <!-- verifyUserRegisteration -->
  <testcase name="verifyUserLogin" time="0.0" classname="openCart.openCartTestCases">
    <ignored/>
  </testcase> <!-- verifyUserLogin -->
</testsuite> <!-- Assignment2 -->
